<?xml version="1.0" encoding="UTF-8"?>
<testsuite xmlns:xsi="http://www.w3.org/2001/XMLSchema-instance" xsi:noNamespaceSchemaLocation="https://maven.apache.org/surefire/maven-surefire-plugin/xsd/surefire-test-report-3.0.xsd" version="3.0" name="org.acme.orders.bdd.OrderCucumberTest" time="4.946" tests="6" errors="0" skipped="0" failures="0">
  <properties>
[...]
</properties>
  <testcase name="getTests" classname="org.acme.orders.bdd.OrderCucumberTest" time="0.007">
    <system-out><![CDATA[2026-02-10 00:21:26,992 INFO  [org.apa.cam.uti.con.ThreadType] (main) The type of thread detected is PLATFORM
2026-02-10 00:21:27,185 INFO  [org.apa.cam.qua.cor.CamelBootstrapRecorder] (main) Bootstrap runtime: org.apache.camel.quarkus.main.CamelMainRuntime
2026-02-10 00:21:27,187 INFO  [org.apa.cam.mai.MainSupport] (main) Apache Camel (Main) 4.4.2 is starting
2026-02-10 00:21:27,266 INFO  [org.apa.cam.imp.eng.AbstractCamelContext] (main) Apache Camel 4.4.2 (camel-1) is starting
2026-02-10 00:21:27,273 INFO  [org.apa.cam.imp.eng.AbstractCamelContext] (main) Routes startup (started:1)
2026-02-10 00:21:27,273 INFO  [org.apa.cam.imp.eng.AbstractCamelContext] (main)     Started order-processor (seda://orders)
2026-02-10 00:21:27,274 INFO  [org.apa.cam.imp.eng.AbstractCamelContext] (main) Apache Camel 4.4.2 (camel-1) started in 6ms (build:0ms init:0ms start:6ms)
2026-02-10 00:21:27,413 INFO  [io.quarkus] (main) quarkus-asynchronous-design-pattern 1.0.0-SNAPSHOT on JVM (powered by Quarkus 3.8.5) started in 2.366s. Listening on: http://localhost:8081
2026-02-10 00:21:27,413 INFO  [io.quarkus] (main) Profile test activated. 
2026-02-10 00:21:27,413 INFO  [io.quarkus] (main) Installed features: [camel-core, camel-seda, cdi, cucumber, resteasy-reactive, resteasy-reactive-jackson, smallrye-context-propagation, vertx]
]]></system-out>
  </testcase>
  <testcase name="getTests" classname="org.acme.orders.bdd.OrderCucumberTest" time="0.002"/>
  <testcase name="getTests" classname="org.acme.orders.bdd.OrderCucumberTest" time="0.001"/>
  <testcase name="getTests" classname="org.acme.orders.bdd.OrderCucumberTest" time="1.576">
    <system-out><![CDATA[
Scenario: Submit an order and retrieve the result                                       &amp#27;[90m# org/acme/orders/bdd/order_processing.feature:2&amp#27;[0m
2026-02-10 00:21:27,834 INFO  [org.acm.ord.bdd.OrderSteps] (main) BDD build order customer=cust-1 item=widget quantity=2 unitPrice=10.00
  &amp#27;[32mGiven &amp#27;[0m&amp#27;[32man order request for customer &amp#27;[0m&amp#27;[32m&amp#27;[1m"cust-1"&amp#27;[0m&amp#27;[32m item &amp#27;[0m&amp#27;[32m&amp#27;[1m"widget"&amp#27;[0m&amp#27;[32m quantity &amp#27;[0m&amp#27;[32m&amp#27;[1m2&amp#27;[0m&amp#27;[32m unit price &amp#27;[0m&amp#27;[32m&amp#27;[1m10.0&amp#27;[0m &amp#27;[90m# org.acme.orders.bdd.OrderSteps.buildOrderRequest(java.lang.String,java.lang.String,int,double)&amp#27;[0m
2026-02-10 00:21:28,932 INFO  [org.acm.ord.api.OrderResource] (executor-thread-1) Received order submission for customer=cust-1 item=widget quantity=2
2026-02-10 00:21:28,940 INFO  [org.acm.ord.ser.OrderService] (executor-thread-1) Queued order jobId=eb5c07fb-ee64-41a4-bffb-1694688b17b9 customer=cust-1 item=widget quantity=2
2026-02-10 00:21:28,947 INFO  [org.acm.ord.api.OrderResource] (executor-thread-1) Accepted order jobId=eb5c07fb-ee64-41a4-bffb-1694688b17b9
2026-02-10 00:21:28,949 INFO  [org.acm.ord.rou.OrderRoute] (Camel (camel-1) thread #1 - seda://orders) Route received jobId=eb5c07fb-ee64-41a4-bffb-1694688b17b9
2026-02-10 00:21:28,949 INFO  [org.acm.ord.ser.OrderService] (Camel (camel-1) thread #1 - seda://orders) Processing started jobId=eb5c07fb-ee64-41a4-bffb-1694688b17b9
2026-02-10 00:21:28,950 INFO  [org.acm.ord.ser.OrderService] (Camel (camel-1) thread #1 - seda://orders) Processing completed jobId=eb5c07fb-ee64-41a4-bffb-1694688b17b9 totalPrice=20.00
2026-02-10 00:21:29,272 INFO  [org.acm.ord.bdd.OrderSteps] (main) BDD submitted order jobId=eb5c07fb-ee64-41a4-bffb-1694688b17b9
2026-02-10 00:21:29,297 INFO  [org.acm.ord.api.OrderResource] (executor-thread-1) Status requested for jobId=eb5c07fb-ee64-41a4-bffb-1694688b17b9 status=COMPLETED
2026-02-10 00:21:29,306 INFO  [org.acm.ord.bdd.OrderSteps] (main) BDD initial status jobId=eb5c07fb-ee64-41a4-bffb-1694688b17b9 status=COMPLETED
  &amp#27;[32mWhen &amp#27;[0m&amp#27;[32mthe client submits the order&amp#27;[0m                                                     &amp#27;[90m# org.acme.orders.bdd.OrderSteps.submitOrder()&amp#27;[0m
2026-02-10 00:21:29,308 INFO  [org.acm.ord.bdd.OrderSteps] (main) BDD submission accepted jobId=eb5c07fb-ee64-41a4-bffb-1694688b17b9 status=COMPLETED
  &amp#27;[32mThen &amp#27;[0m&amp#27;[32mthe submission is accepted&amp#27;[0m                                                       &amp#27;[90m# org.acme.orders.bdd.OrderSteps.submissionAccepted()&amp#27;[0m
2026-02-10 00:21:29,315 INFO  [org.acm.ord.api.OrderResource] (executor-thread-1) Status requested for jobId=eb5c07fb-ee64-41a4-bffb-1694688b17b9 status=COMPLETED
2026-02-10 00:21:29,324 INFO  [org.acm.ord.bdd.OrderSteps] (main) BDD status reached jobId=eb5c07fb-ee64-41a4-bffb-1694688b17b9 status=COMPLETED
  &amp#27;[32mAnd &amp#27;[0m&amp#27;[32meventually the order status is &amp#27;[0m&amp#27;[32m&amp#27;[1mCOMPLETED&amp#27;[0m                                          &amp#27;[90m# org.acme.orders.bdd.OrderSteps.statusEventuallyEquals(java.lang.String)&amp#27;[0m
2026-02-10 00:21:29,332 INFO  [org.acm.ord.api.OrderResource] (executor-thread-1) Result returned for jobId=eb5c07fb-ee64-41a4-bffb-1694688b17b9 totalPrice=20.00
2026-02-10 00:21:29,355 INFO  [org.acm.ord.bdd.OrderSteps] (main) BDD total price validated jobId=eb5c07fb-ee64-41a4-bffb-1694688b17b9 totalPrice=20.00
  &amp#27;[32mAnd &amp#27;[0m&amp#27;[32mthe total price is &amp#27;[0m&amp#27;[32m&amp#27;[1m20.0&amp#27;[0m                                                           &amp#27;[90m# org.acme.orders.bdd.OrderSteps.totalPriceIs(double)&amp#27;[0m
]]></system-out>
  </testcase>
  <testcase name="getTests" classname="org.acme.orders.bdd.OrderCucumberTest" time="0.001"/>
  <testcase name="getTests" classname="org.acme.orders.bdd.OrderCucumberTest" time="0.003">
    <system-out><![CDATA[
1 Scenarios (&amp#27;[32m1 passed&amp#27;[0m)
5 Steps (&amp#27;[32m5 passed&amp#27;[0m)
0m1.588s


]]></system-out>
  </testcase>
</testsuite>